<?xml version="1.0" encoding="UTF-8"?>
<testsuite name="com.jbetoreyes.calculator.CalculatorApplicationTests" tests="1" skipped="0" failures="0" errors="0" timestamp="2022-08-21T04:40:48" hostname="1234s-MacBook-Pro.local" time="0.328">
  <properties/>
  <testcase name="contextLoads()" classname="com.jbetoreyes.calculator.CalculatorApplicationTests" time="0.328"/>
  <system-out><![CDATA[23:40:46.959 [Test worker] DEBUG org.springframework.test.context.BootstrapUtils - Instantiating CacheAwareContextLoaderDelegate from class [org.springframework.test.context.cache.DefaultCacheAwareContextLoaderDelegate]
23:40:46.968 [Test worker] DEBUG org.springframework.test.context.BootstrapUtils - Instantiating BootstrapContext using constructor [public org.springframework.test.context.support.DefaultBootstrapContext(java.lang.Class,org.springframework.test.context.CacheAwareContextLoaderDelegate)]
23:40:46.998 [Test worker] DEBUG org.springframework.test.context.BootstrapUtils - Instantiating TestContextBootstrapper for test class [com.jbetoreyes.calculator.CalculatorApplicationTests] from class [org.springframework.boot.test.context.SpringBootTestContextBootstrapper]
23:40:47.008 [Test worker] INFO org.springframework.boot.test.context.SpringBootTestContextBootstrapper - Neither @ContextConfiguration nor @ContextHierarchy found for test class [com.jbetoreyes.calculator.CalculatorApplicationTests], using SpringBootContextLoader
23:40:47.011 [Test worker] DEBUG org.springframework.test.context.support.AbstractContextLoader - Did not detect default resource location for test class [com.jbetoreyes.calculator.CalculatorApplicationTests]: class path resource [com/jbetoreyes/calculator/CalculatorApplicationTests-context.xml] does not exist
23:40:47.011 [Test worker] DEBUG org.springframework.test.context.support.AbstractContextLoader - Did not detect default resource location for test class [com.jbetoreyes.calculator.CalculatorApplicationTests]: class path resource [com/jbetoreyes/calculator/CalculatorApplicationTestsContext.groovy] does not exist
23:40:47.012 [Test worker] INFO org.springframework.test.context.support.AbstractContextLoader - Could not detect default resource locations for test class [com.jbetoreyes.calculator.CalculatorApplicationTests]: no resource found for suffixes {-context.xml, Context.groovy}.
23:40:47.012 [Test worker] INFO org.springframework.test.context.support.AnnotationConfigContextLoaderUtils - Could not detect default configuration classes for test class [com.jbetoreyes.calculator.CalculatorApplicationTests]: CalculatorApplicationTests does not declare any static, non-private, non-final, nested classes annotated with @Configuration.
23:40:47.048 [Test worker] DEBUG org.springframework.test.context.support.ActiveProfilesUtils - Could not find an 'annotation declaring class' for annotation type [org.springframework.test.context.ActiveProfiles] and class [com.jbetoreyes.calculator.CalculatorApplicationTests]
23:40:47.099 [Test worker] DEBUG org.springframework.context.annotation.ClassPathScanningCandidateComponentProvider - Identified candidate component class: file [/Users/beto/dev/calculator/build/classes/java/main/com/jbetoreyes/calculator/CalculatorApplication.class]
23:40:47.105 [Test worker] INFO org.springframework.boot.test.context.SpringBootTestContextBootstrapper - Found @SpringBootConfiguration com.jbetoreyes.calculator.CalculatorApplication for test class com.jbetoreyes.calculator.CalculatorApplicationTests
23:40:47.180 [Test worker] DEBUG org.springframework.boot.test.context.SpringBootTestContextBootstrapper - @TestExecutionListeners is not present for class [com.jbetoreyes.calculator.CalculatorApplicationTests]: using defaults.
23:40:47.181 [Test worker] INFO org.springframework.boot.test.context.SpringBootTestContextBootstrapper - Loaded default TestExecutionListener class names from location [META-INF/spring.factories]: [org.springframework.boot.test.autoconfigure.restdocs.RestDocsTestExecutionListener, org.springframework.boot.test.autoconfigure.web.client.MockRestServiceServerResetTestExecutionListener, org.springframework.boot.test.autoconfigure.web.servlet.MockMvcPrintOnlyOnFailureTestExecutionListener, org.springframework.boot.test.autoconfigure.web.servlet.WebDriverTestExecutionListener, org.springframework.boot.test.autoconfigure.webservices.client.MockWebServiceServerTestExecutionListener, org.springframework.boot.test.mock.mockito.MockitoTestExecutionListener, org.springframework.boot.test.mock.mockito.ResetMocksTestExecutionListener, org.springframework.test.context.web.ServletTestExecutionListener, org.springframework.test.context.support.DirtiesContextBeforeModesTestExecutionListener, org.springframework.test.context.event.ApplicationEventsTestExecutionListener, org.springframework.test.context.support.DependencyInjectionTestExecutionListener, org.springframework.test.context.support.DirtiesContextTestExecutionListener, org.springframework.test.context.transaction.TransactionalTestExecutionListener, org.springframework.test.context.jdbc.SqlScriptsTestExecutionListener, org.springframework.test.context.event.EventPublishingTestExecutionListener]
23:40:47.189 [Test worker] DEBUG org.springframework.boot.test.context.SpringBootTestContextBootstrapper - Skipping candidate TestExecutionListener [org.springframework.test.context.transaction.TransactionalTestExecutionListener] due to a missing dependency. Specify custom listener classes or make the default listener classes and their required dependencies available. Offending class: [org/springframework/transaction/TransactionDefinition]
23:40:47.189 [Test worker] DEBUG org.springframework.boot.test.context.SpringBootTestContextBootstrapper - Skipping candidate TestExecutionListener [org.springframework.test.context.jdbc.SqlScriptsTestExecutionListener] due to a missing dependency. Specify custom listener classes or make the default listener classes and their required dependencies available. Offending class: [org/springframework/transaction/interceptor/TransactionAttribute]
23:40:47.189 [Test worker] INFO org.springframework.boot.test.context.SpringBootTestContextBootstrapper - Using TestExecutionListeners: [org.springframework.test.context.web.ServletTestExecutionListener@76b74e9c, org.springframework.test.context.support.DirtiesContextBeforeModesTestExecutionListener@2d72f75e, org.springframework.test.context.event.ApplicationEventsTestExecutionListener@8ab78bc, org.springframework.boot.test.mock.mockito.MockitoTestExecutionListener@5aa0dbf4, org.springframework.boot.test.autoconfigure.SpringBootDependencyInjectionTestExecutionListener@16afbd92, org.springframework.test.context.support.DirtiesContextTestExecutionListener@2c5d601e, org.springframework.test.context.event.EventPublishingTestExecutionListener@7fe083b1, org.springframework.boot.test.autoconfigure.restdocs.RestDocsTestExecutionListener@23c388c2, org.springframework.boot.test.autoconfigure.web.client.MockRestServiceServerResetTestExecutionListener@486be205, org.springframework.boot.test.autoconfigure.web.servlet.MockMvcPrintOnlyOnFailureTestExecutionListener@f713686, org.springframework.boot.test.autoconfigure.web.servlet.WebDriverTestExecutionListener@74f7d1d2, org.springframework.boot.test.autoconfigure.webservices.client.MockWebServiceServerTestExecutionListener@4b4dd216, org.springframework.boot.test.mock.mockito.ResetMocksTestExecutionListener@5ca17ab0]
23:40:47.192 [Test worker] DEBUG org.springframework.test.context.support.AbstractDirtiesContextTestExecutionListener - Before test class: context [DefaultTestContext@f31c0c6 testClass = CalculatorApplicationTests, testInstance = [null], testMethod = [null], testException = [null], mergedContextConfiguration = [WebMergedContextConfiguration@b93aad testClass = CalculatorApplicationTests, locations = '{}', classes = '{class com.jbetoreyes.calculator.CalculatorApplication}', contextInitializerClasses = '[]', activeProfiles = '{}', propertySourceLocations = '{}', propertySourceProperties = '{org.springframework.boot.test.context.SpringBootTestContextBootstrapper=true}', contextCustomizers = set[org.springframework.boot.test.autoconfigure.actuate.metrics.MetricsExportContextCustomizerFactory$DisableMetricExportContextCustomizer@58fb7731, org.springframework.boot.test.autoconfigure.properties.PropertyMappingContextCustomizer@0, org.springframework.boot.test.autoconfigure.web.servlet.WebDriverContextCustomizerFactory$Customizer@2e9fda69, org.springframework.boot.test.context.filter.ExcludeFilterContextCustomizer@5b529706, org.springframework.boot.test.json.DuplicateJsonObjectContextCustomizerFactory$DuplicateJsonObjectContextCustomizer@5553d0f5, org.springframework.boot.test.mock.mockito.MockitoContextCustomizer@0, org.springframework.boot.test.web.client.TestRestTemplateContextCustomizer@5733f295, org.springframework.boot.test.context.SpringBootTestArgs@1, org.springframework.boot.test.context.SpringBootTestWebEnvironment@28cda624], resourceBasePath = 'src/main/webapp', contextLoader = 'org.springframework.boot.test.context.SpringBootContextLoader', parent = [null]], attributes = map['org.springframework.test.context.web.ServletTestExecutionListener.activateListener' -> true]], class annotated with @DirtiesContext [false] with mode [null].

  .   ____          _            __ _ _
 /\\ / ___'_ __ _ _(_)_ __  __ _ \ \ \ \
( ( )\___ | '_ | '_| | '_ \/ _` | \ \ \ \
 \\/  ___)| |_)| | | | | || (_| |  ) ) ) )
  '  |____| .__|_| |_|_| |_\__, | / / / /
 =========|_|==============|___/=/_/_/_/
 :: Spring Boot ::               (v2.6.11)

2022-08-20 23:40:47.601  INFO 47358 --- [    Test worker] c.j.c.CalculatorApplicationTests         : Starting CalculatorApplicationTests using Java 11.0.2 on 1234s-MacBook-Pro.local with PID 47358 (started by beto in /Users/beto/dev/calculator)
2022-08-20 23:40:47.602  INFO 47358 --- [    Test worker] c.j.c.CalculatorApplicationTests         : No active profile set, falling back to 1 default profile: "default"
2022-08-20 23:40:48.775  INFO 47358 --- [    Test worker] c.j.c.CalculatorApplicationTests         : Started CalculatorApplicationTests in 1.539 seconds (JVM running for 2.486)
]]></system-out>
  <system-err><![CDATA[]]></system-err>
</testsuite>
