<?xml version="1.0" encoding="UTF-8"?>
<testsuite name="com.jbetoreyes.calculator.CalculatorTest" tests="1" skipped="0" failures="0" errors="0" timestamp="2022-08-21T05:01:37" hostname="1234s-MacBook-Pro.local" time="0.005">
  <properties/>
  <testcase name="testSum()" classname="com.jbetoreyes.calculator.CalculatorTest" time="0.005"/>
  <system-out><![CDATA[]]></system-out>
  <system-err><![CDATA[]]></system-err>
</testsuite>
