<?xml version="1.0" encoding="UTF-8"?>
<testsuite name="com.jbetoreyes.calculator.CalculatorApplicationTests" tests="1" skipped="0" failures="0" errors="0" timestamp="2022-08-21T05:01:36" hostname="1234s-MacBook-Pro.local" time="0.657">
  <properties/>
  <testcase name="contextLoads()" classname="com.jbetoreyes.calculator.CalculatorApplicationTests" time="0.657"/>
  <system-out><![CDATA[00:01:34.023 [Test worker] DEBUG org.springframework.test.context.BootstrapUtils - Instantiating CacheAwareContextLoaderDelegate from class [org.springframework.test.context.cache.DefaultCacheAwareContextLoaderDelegate]
00:01:34.051 [Test worker] DEBUG org.springframework.test.context.BootstrapUtils - Instantiating BootstrapContext using constructor [public org.springframework.test.context.support.DefaultBootstrapContext(java.lang.Class,org.springframework.test.context.CacheAwareContextLoaderDelegate)]
00:01:34.126 [Test worker] DEBUG org.springframework.test.context.BootstrapUtils - Instantiating TestContextBootstrapper for test class [com.jbetoreyes.calculator.CalculatorApplicationTests] from class [org.springframework.boot.test.context.SpringBootTestContextBootstrapper]
00:01:34.155 [Test worker] INFO org.springframework.boot.test.context.SpringBootTestContextBootstrapper - Neither @ContextConfiguration nor @ContextHierarchy found for test class [com.jbetoreyes.calculator.CalculatorApplicationTests], using SpringBootContextLoader
00:01:34.166 [Test worker] DEBUG org.springframework.test.context.support.AbstractContextLoader - Did not detect default resource location for test class [com.jbetoreyes.calculator.CalculatorApplicationTests]: class path resource [com/jbetoreyes/calculator/CalculatorApplicationTests-context.xml] does not exist
00:01:34.166 [Test worker] DEBUG org.springframework.test.context.support.AbstractContextLoader - Did not detect default resource location for test class [com.jbetoreyes.calculator.CalculatorApplicationTests]: class path resource [com/jbetoreyes/calculator/CalculatorApplicationTestsContext.groovy] does not exist
00:01:34.167 [Test worker] INFO org.springframework.test.context.support.AbstractContextLoader - Could not detect default resource locations for test class [com.jbetoreyes.calculator.CalculatorApplicationTests]: no resource found for suffixes {-context.xml, Context.groovy}.
00:01:34.168 [Test worker] INFO org.springframework.test.context.support.AnnotationConfigContextLoaderUtils - Could not detect default configuration classes for test class [com.jbetoreyes.calculator.CalculatorApplicationTests]: CalculatorApplicationTests does not declare any static, non-private, non-final, nested classes annotated with @Configuration.
00:01:34.250 [Test worker] DEBUG org.springframework.test.context.support.ActiveProfilesUtils - Could not find an 'annotation declaring class' for annotation type [org.springframework.test.context.ActiveProfiles] and class [com.jbetoreyes.calculator.CalculatorApplicationTests]
00:01:34.406 [Test worker] DEBUG org.springframework.context.annotation.ClassPathScanningCandidateComponentProvider - Identified candidate component class: file [/Users/beto/dev/calculator/build/classes/java/main/com/jbetoreyes/calculator/CalculatorApplication.class]
00:01:34.418 [Test worker] INFO org.springframework.boot.test.context.SpringBootTestContextBootstrapper - Found @SpringBootConfiguration com.jbetoreyes.calculator.CalculatorApplication for test class com.jbetoreyes.calculator.CalculatorApplicationTests
00:01:34.609 [Test worker] DEBUG org.springframework.boot.test.context.SpringBootTestContextBootstrapper - @TestExecutionListeners is not present for class [com.jbetoreyes.calculator.CalculatorApplicationTests]: using defaults.
00:01:34.609 [Test worker] INFO org.springframework.boot.test.context.SpringBootTestContextBootstrapper - Loaded default TestExecutionListener class names from location [META-INF/spring.factories]: [org.springframework.boot.test.autoconfigure.restdocs.RestDocsTestExecutionListener, org.springframework.boot.test.autoconfigure.web.client.MockRestServiceServerResetTestExecutionListener, org.springframework.boot.test.autoconfigure.web.servlet.MockMvcPrintOnlyOnFailureTestExecutionListener, org.springframework.boot.test.autoconfigure.web.servlet.WebDriverTestExecutionListener, org.springframework.boot.test.autoconfigure.webservices.client.MockWebServiceServerTestExecutionListener, org.springframework.boot.test.mock.mockito.MockitoTestExecutionListener, org.springframework.boot.test.mock.mockito.ResetMocksTestExecutionListener, org.springframework.test.context.web.ServletTestExecutionListener, org.springframework.test.context.support.DirtiesContextBeforeModesTestExecutionListener, org.springframework.test.context.event.ApplicationEventsTestExecutionListener, org.springframework.test.context.support.DependencyInjectionTestExecutionListener, org.springframework.test.context.support.DirtiesContextTestExecutionListener, org.springframework.test.context.transaction.TransactionalTestExecutionListener, org.springframework.test.context.jdbc.SqlScriptsTestExecutionListener, org.springframework.test.context.event.EventPublishingTestExecutionListener]
00:01:34.635 [Test worker] DEBUG org.springframework.boot.test.context.SpringBootTestContextBootstrapper - Skipping candidate TestExecutionListener [org.springframework.test.context.transaction.TransactionalTestExecutionListener] due to a missing dependency. Specify custom listener classes or make the default listener classes and their required dependencies available. Offending class: [org/springframework/transaction/TransactionDefinition]
00:01:34.636 [Test worker] DEBUG org.springframework.boot.test.context.SpringBootTestContextBootstrapper - Skipping candidate TestExecutionListener [org.springframework.test.context.jdbc.SqlScriptsTestExecutionListener] due to a missing dependency. Specify custom listener classes or make the default listener classes and their required dependencies available. Offending class: [org/springframework/transaction/interceptor/TransactionAttribute]
00:01:34.636 [Test worker] INFO org.springframework.boot.test.context.SpringBootTestContextBootstrapper - Using TestExecutionListeners: [org.springframework.test.context.web.ServletTestExecutionListener@52b30dcd, org.springframework.test.context.support.DirtiesContextBeforeModesTestExecutionListener@49de1505, org.springframework.test.context.event.ApplicationEventsTestExecutionListener@1bbc1b90, org.springframework.boot.test.mock.mockito.MockitoTestExecutionListener@29e3c28, org.springframework.boot.test.autoconfigure.SpringBootDependencyInjectionTestExecutionListener@480994d3, org.springframework.test.context.support.DirtiesContextTestExecutionListener@7146c6ea, org.springframework.test.context.event.EventPublishingTestExecutionListener@a5d23c9, org.springframework.boot.test.autoconfigure.restdocs.RestDocsTestExecutionListener@795131d6, org.springframework.boot.test.autoconfigure.web.client.MockRestServiceServerResetTestExecutionListener@7d7a8d23, org.springframework.boot.test.autoconfigure.web.servlet.MockMvcPrintOnlyOnFailureTestExecutionListener@3acc65f0, org.springframework.boot.test.autoconfigure.web.servlet.WebDriverTestExecutionListener@59ec5a0b, org.springframework.boot.test.autoconfigure.webservices.client.MockWebServiceServerTestExecutionListener@29431f61, org.springframework.boot.test.mock.mockito.ResetMocksTestExecutionListener@f98cff]
00:01:34.642 [Test worker] DEBUG org.springframework.test.context.support.AbstractDirtiesContextTestExecutionListener - Before test class: context [DefaultTestContext@53564a4c testClass = CalculatorApplicationTests, testInstance = [null], testMethod = [null], testException = [null], mergedContextConfiguration = [WebMergedContextConfiguration@4866e0a7 testClass = CalculatorApplicationTests, locations = '{}', classes = '{class com.jbetoreyes.calculator.CalculatorApplication}', contextInitializerClasses = '[]', activeProfiles = '{}', propertySourceLocations = '{}', propertySourceProperties = '{org.springframework.boot.test.context.SpringBootTestContextBootstrapper=true}', contextCustomizers = set[org.springframework.boot.test.autoconfigure.actuate.metrics.MetricsExportContextCustomizerFactory$DisableMetricExportContextCustomizer@4438938e, org.springframework.boot.test.autoconfigure.properties.PropertyMappingContextCustomizer@0, org.springframework.boot.test.autoconfigure.web.servlet.WebDriverContextCustomizerFactory$Customizer@7ef41ca2, org.springframework.boot.test.context.filter.ExcludeFilterContextCustomizer@61808ecd, org.springframework.boot.test.json.DuplicateJsonObjectContextCustomizerFactory$DuplicateJsonObjectContextCustomizer@5b322873, org.springframework.boot.test.mock.mockito.MockitoContextCustomizer@0, org.springframework.boot.test.web.client.TestRestTemplateContextCustomizer@72eed547, org.springframework.boot.test.context.SpringBootTestArgs@1, org.springframework.boot.test.context.SpringBootTestWebEnvironment@75a118e6], resourceBasePath = 'src/main/webapp', contextLoader = 'org.springframework.boot.test.context.SpringBootContextLoader', parent = [null]], attributes = map['org.springframework.test.context.web.ServletTestExecutionListener.activateListener' -> true]], class annotated with @DirtiesContext [false] with mode [null].

  .   ____          _            __ _ _
 /\\ / ___'_ __ _ _(_)_ __  __ _ \ \ \ \
( ( )\___ | '_ | '_| | '_ \/ _` | \ \ \ \
 \\/  ___)| |_)| | | | | || (_| |  ) ) ) )
  '  |____| .__|_| |_|_| |_\__, | / / / /
 =========|_|==============|___/=/_/_/_/
 :: Spring Boot ::               (v2.6.11)

2022-08-21 00:01:35.145  INFO 5301 --- [    Test worker] c.j.c.CalculatorApplicationTests         : Starting CalculatorApplicationTests using Java 11.0.2 on 1234s-MacBook-Pro.local with PID 5301 (started by beto in /Users/beto/dev/calculator)
2022-08-21 00:01:35.147  INFO 5301 --- [    Test worker] c.j.c.CalculatorApplicationTests         : No active profile set, falling back to 1 default profile: "default"
2022-08-21 00:01:36.966  INFO 5301 --- [    Test worker] c.j.c.CalculatorApplicationTests         : Started CalculatorApplicationTests in 2.259 seconds (JVM running for 4.69)
]]></system-out>
  <system-err><![CDATA[]]></system-err>
</testsuite>
